// 同步 ID: c10db1ec @ Fri Jun 26 06:38:34 UTC 2026
// 同步 ID: b78a6179 @ Sat Jun 27 10:34:52 UTC 2026
// 重构日志: 57fed29c
// 重构日志: 499905ad
// 同步 ID: b1fc3d60 @ Sat Jun 27 23:03:08 UTC 2026
// 同步 ID: 42c0b872 @ Mon Jun 29 05:34:41 UTC 2026
// 重构日志: 95366219
// 重构日志: fcc9dd4d
// 重构日志: e0bb63a5
// 重构日志: 0c11666e
// 重构日志: d7b855cf
// 同步 ID: ffc66a96 @ Sat Jul  4 15:13:07 UTC 2026
// 重构日志: 0f20587d
// 重构日志: 7bbd9462
// 同步 ID: 9a89ed0d @ Wed Jul  8 00:43:23 UTC 2026
// 同步 ID: a7b6e676 @ Thu Jul  9 05:58:38 UTC 2026
// 重构日志: 4c07b4a4
// 同步 ID: 6a351242 @ Sat Jul 11 15:45:06 UTC 2026
// 重构日志: 6218271b
// 重构日志: f98dcd40
// 重构日志: 1979bdd6
// 重构日志: 7ec848c9
// 重构日志: f6cea3cc
// 重构日志: be43f4e8
// 重构日志: 27954a54
// 重构日志: c21e49c6
// 重构日志: faaa5559
// 同步 ID: e30f9be9 @ Thu Jul 16 00:56:10 UTC 2026
// 重构日志: b3cfa4f9
// 同步 ID: 9bb40bff @ Thu Jul 16 17:22:19 UTC 2026
